<?xml version="1.0" encoding="UTF-8"?>
<!-- Generated by org.testng.reporters.JUnitXMLReporter -->
<testsuite hostname="Swati-PC" name="Default test(failed)" tests="1" failures="1" timestamp="12 Apr 2018 18:42:29 GMT" time="12.867" errors="0">
  <testcase name="@AfterMethod configCloseBrowser" time="0.0" classname="com.vtiger.leadTest.LeadTest">
    <failure type="java.lang.NullPointerException">
      <![CDATA[java.lang.NullPointerException
	at org.openqa.selenium.interactions.Actions.<init>(Actions.java:44)
	at com.vtiger.genericLib.WebdriverCommonLib.mouseMove(WebdriverCommonLib.java:33)
	at com.vtiger.objectRepositoryLib.Common.logout(Common.java:16)
	at com.vtiger.genericLib.Baseclass.configCloseBrowser(Baseclass.java:64)
... Removed 26 stack frames]]>
    </failure>
  </testcase> <!-- @AfterMethod configCloseBrowser -->
  <testcase name="@AfterClass configLogout" time="0.0" classname="com.vtiger.leadTest.LeadTest">
    <skipped/>
  </testcase> <!-- @AfterClass configLogout -->
  <testcase name="createLeatTest" time="1.245" classname="com.vtiger.leadTest.LeadTest">
    <failure type="java.lang.NullPointerException">
      <![CDATA[java.lang.NullPointerException
	at com.vtiger.genericLib.CommonUtils.getDataFromExcel(CommonUtils.java:30)
	at com.vtiger.leadTest.LeadTest.createLeatTest(LeadTest.java:19)
... Removed 24 stack frames]]>
    </failure>
  </testcase> <!-- createLeatTest -->
</testsuite> <!-- Default test(failed) -->
