<?xml version="1.0" encoding="UTF-8"?>
<testng-results skipped="0" failed="0" total="1" passed="1">
  <reporter-output>
    <line>
      <![CDATA[=======create lead with name and company========]]>
    </line>
    <line>
      <![CDATA[=====step2:get data from excel sheet=====]]>
    </line>
    <line>
      <![CDATA[=====step3:navigate to lead=====]]>
    </line>
    <line>
      <![CDATA[=====step4:navigate to create new lead=====]]>
    </line>
    <line>
      <![CDATA[=====step5:create new lead=====]]>
    </line>
    <line>
      <![CDATA[=====step6:verify lead info=====]]>
    </line>
    <line>
      <![CDATA[lead created successfully======pass]]>
    </line>
  </reporter-output>
  <suite name="Suite" duration-ms="54969" started-at="2018-05-16T13:58:28Z" finished-at="2018-05-16T13:59:23Z">
    <groups>
    </groups>
    <test name="Test" duration-ms="54969" started-at="2018-05-16T13:58:28Z" finished-at="2018-05-16T13:59:23Z">
      <class name="com.vtiger.leadTest.LeadTest">
        <test-method status="PASS" signature="configLaunchBrowser()[pri:0, instance:com.vtiger.leadTest.LeadTest@26653222]" name="configLaunchBrowser" is-config="true" duration-ms="10887" started-at="2018-05-16T19:28:28Z" finished-at="2018-05-16T19:28:39Z">
          <reporter-output>
          </reporter-output>
        </test-method> <!-- configLaunchBrowser -->
        <test-method status="PASS" signature="configLogin()[pri:0, instance:com.vtiger.leadTest.LeadTest@26653222]" name="configLogin" is-config="true" duration-ms="13923" started-at="2018-05-16T19:28:39Z" finished-at="2018-05-16T19:28:53Z">
          <reporter-output>
          </reporter-output>
        </test-method> <!-- configLogin -->
        <test-method status="PASS" signature="createLeadTest()[pri:0, instance:com.vtiger.leadTest.LeadTest@26653222]" name="createLeadTest" duration-ms="27400" started-at="2018-05-16T19:28:53Z" finished-at="2018-05-16T19:29:20Z">
          <reporter-output>
            <line>
              <![CDATA[=======create lead with name and company========]]>
            </line>
            <line>
              <![CDATA[=====step2:get data from excel sheet=====]]>
            </line>
            <line>
              <![CDATA[=====step3:navigate to lead=====]]>
            </line>
            <line>
              <![CDATA[=====step4:navigate to create new lead=====]]>
            </line>
            <line>
              <![CDATA[=====step5:create new lead=====]]>
            </line>
            <line>
              <![CDATA[=====step6:verify lead info=====]]>
            </line>
            <line>
              <![CDATA[lead created successfully======pass]]>
            </line>
          </reporter-output>
        </test-method> <!-- createLeadTest -->
        <test-method status="PASS" signature="configCloseBrowser()[pri:0, instance:com.vtiger.leadTest.LeadTest@26653222]" name="configCloseBrowser" is-config="true" duration-ms="489" started-at="2018-05-16T19:29:20Z" finished-at="2018-05-16T19:29:21Z">
          <reporter-output>
          </reporter-output>
        </test-method> <!-- configCloseBrowser -->
        <test-method status="PASS" signature="configLogout()[pri:0, instance:com.vtiger.leadTest.LeadTest@26653222]" name="configLogout" is-config="true" duration-ms="2228" started-at="2018-05-16T19:29:21Z" finished-at="2018-05-16T19:29:23Z">
          <reporter-output>
          </reporter-output>
        </test-method> <!-- configLogout -->
      </class> <!-- com.vtiger.leadTest.LeadTest -->
    </test> <!-- Test -->
  </suite> <!-- Suite -->
</testng-results>
