<?xml version="1.0" encoding="UTF-8"?>
<testng-results skipped="0" failed="0" total="1" passed="1">
  <reporter-output>
    <line>
      <![CDATA[=======create lead with name and company========]]>
    </line>
    <line>
      <![CDATA[=====step2:get data from excel sheet=====]]>
    </line>
    <line>
      <![CDATA[=====step3:navigate to lead=====]]>
    </line>
    <line>
      <![CDATA[=====step4:navigate to create new lead=====]]>
    </line>
    <line>
      <![CDATA[=====step5:create new lead=====]]>
    </line>
    <line>
      <![CDATA[=====step6:verify lead info=====]]>
    </line>
    <line>
      <![CDATA[lead created successfully======pass]]>
    </line>
  </reporter-output>
  <suite name="Default suite" duration-ms="46936" started-at="2018-05-16T18:29:40Z" finished-at="2018-05-16T18:30:27Z">
    <groups>
    </groups>
    <test name="Default test" duration-ms="46936" started-at="2018-05-16T18:29:40Z" finished-at="2018-05-16T18:30:27Z">
      <class name="com.vtiger.leadTest.LeadTest">
        <test-method status="PASS" signature="configLaunchBrowser()[pri:0, instance:com.vtiger.leadTest.LeadTest@26653222]" name="configLaunchBrowser" is-config="true" duration-ms="10655" started-at="2018-05-16T23:59:40Z" finished-at="2018-05-16T23:59:51Z">
          <reporter-output>
          </reporter-output>
        </test-method> <!-- configLaunchBrowser -->
        <test-method status="PASS" signature="configLogin()[pri:0, instance:com.vtiger.leadTest.LeadTest@26653222]" name="configLogin" is-config="true" duration-ms="16057" started-at="2018-05-16T23:59:51Z" finished-at="2018-05-17T00:00:07Z">
          <reporter-output>
          </reporter-output>
        </test-method> <!-- configLogin -->
        <test-method status="PASS" signature="createLeadTest()[pri:0, instance:com.vtiger.leadTest.LeadTest@26653222]" name="createLeadTest" duration-ms="16911" started-at="2018-05-17T00:00:07Z" finished-at="2018-05-17T00:00:24Z">
          <reporter-output>
            <line>
              <![CDATA[=======create lead with name and company========]]>
            </line>
            <line>
              <![CDATA[=====step2:get data from excel sheet=====]]>
            </line>
            <line>
              <![CDATA[=====step3:navigate to lead=====]]>
            </line>
            <line>
              <![CDATA[=====step4:navigate to create new lead=====]]>
            </line>
            <line>
              <![CDATA[=====step5:create new lead=====]]>
            </line>
            <line>
              <![CDATA[=====step6:verify lead info=====]]>
            </line>
            <line>
              <![CDATA[lead created successfully======pass]]>
            </line>
          </reporter-output>
        </test-method> <!-- createLeadTest -->
        <test-method status="PASS" signature="configCloseBrowser()[pri:0, instance:com.vtiger.leadTest.LeadTest@26653222]" name="configCloseBrowser" is-config="true" duration-ms="3268" started-at="2018-05-17T00:00:24Z" finished-at="2018-05-17T00:00:27Z">
          <reporter-output>
          </reporter-output>
        </test-method> <!-- configCloseBrowser -->
        <test-method status="PASS" signature="configLogout()[pri:0, instance:com.vtiger.leadTest.LeadTest@26653222]" name="configLogout" is-config="true" duration-ms="21" started-at="2018-05-17T00:00:27Z" finished-at="2018-05-17T00:00:27Z">
          <reporter-output>
          </reporter-output>
        </test-method> <!-- configLogout -->
      </class> <!-- com.vtiger.leadTest.LeadTest -->
    </test> <!-- Default test -->
  </suite> <!-- Default suite -->
</testng-results>
